<?xml version="1.0" encoding="UTF-8"?>
<!-- Generated by org.testng.reporters.JUnitXMLReporter -->
<testsuite hostname="LAPTOP-JI39TH39" ignored="0" name="Default test" tests="2" failures="0" timestamp="2019-09-20T14:34:57 IST" time="54.572" errors="0">
  <testcase name="runScenario" time="30.12" classname="cucumber.api.testng.AbstractTestNGCucumberTests"/>
  <testcase name="runScenario" time="23.312" classname="cucumber.api.testng.AbstractTestNGCucumberTests"/>
</testsuite> <!-- Default test -->
