<?xml version="1.0" encoding="UTF-8"?>
<testng-results skipped="0" failed="0" ignored="0" total="2" passed="2">
  <reporter-output>
  </reporter-output>
  <suite name="Default suite" duration-ms="54572" started-at="2019-09-20T14:34:02 IST" finished-at="2019-09-20T14:34:56 IST">
    <groups>
      <group name="cucumber">
        <method signature="AbstractTestNGCucumberTests.runScenario(cucumber.api.testng.PickleEventWrapper, cucumber.api.testng.CucumberFeatureWrapper)[pri:0, instance:runner.RunnerTest@2758fe70]" name="runScenario" class="cucumber.api.testng.AbstractTestNGCucumberTests"/>
      </group> <!-- cucumber -->
    </groups>
    <test name="Default test" duration-ms="54572" started-at="2019-09-20T14:34:02 IST" finished-at="2019-09-20T14:34:56 IST">
      <class name="runner.RunnerTest">
        <test-method status="PASS" signature="setUpClass()[pri:0, instance:runner.RunnerTest@2758fe70]" name="setUpClass" is-config="true" duration-ms="579" started-at="2019-09-20T14:34:02 IST" finished-at="2019-09-20T14:34:02 IST">
          <reporter-output>
          </reporter-output>
        </test-method> <!-- setUpClass -->
        <test-method status="PASS" signature="runScenario(cucumber.api.testng.PickleEventWrapper, cucumber.api.testng.CucumberFeatureWrapper)[pri:0, instance:runner.RunnerTest@2758fe70]" name="runScenario" duration-ms="30120" started-at="2019-09-20T14:34:03 IST" description="Runs Cucumber Scenarios" data-provider="scenarios" finished-at="2019-09-20T14:34:33 IST">
          <params>
            <param index="0">
              <value>
                <![CDATA["TC003 Verify Createlead for second data"]]>
              </value>
            </param>
            <param index="1">
              <value>
                <![CDATA["Create Lead in LeafTap Application"]]>
              </value>
            </param>
          </params>
          <reporter-output>
          </reporter-output>
        </test-method> <!-- runScenario -->
        <test-method status="PASS" signature="runScenario(cucumber.api.testng.PickleEventWrapper, cucumber.api.testng.CucumberFeatureWrapper)[pri:0, instance:runner.RunnerTest@2758fe70]" name="runScenario" duration-ms="23312" started-at="2019-09-20T14:34:33 IST" description="Runs Cucumber Scenarios" data-provider="scenarios" finished-at="2019-09-20T14:34:56 IST">
          <params>
            <param index="0">
              <value>
                <![CDATA["TC003 Verify Createlead for second data"]]>
              </value>
            </param>
            <param index="1">
              <value>
                <![CDATA["Create Lead in LeafTap Application"]]>
              </value>
            </param>
          </params>
          <reporter-output>
          </reporter-output>
        </test-method> <!-- runScenario -->
        <test-method status="PASS" signature="tearDownClass()[pri:0, instance:runner.RunnerTest@2758fe70]" name="tearDownClass" is-config="true" duration-ms="190" started-at="2019-09-20T14:34:56 IST" finished-at="2019-09-20T14:34:56 IST">
          <reporter-output>
          </reporter-output>
        </test-method> <!-- tearDownClass -->
      </class> <!-- runner.RunnerTest -->
    </test> <!-- Default test -->
  </suite> <!-- Default suite -->
</testng-results>
